The target system is: Generic -  - 
The host system is: Linux - 4.14.10-1-ARCH - x86_64
Compiling the C compiler identification source file "CMakeCCompilerId.c" succeeded.
Compiler: /usr/bin/arm-none-eabi-gcc 
Build flags: 
Id flags: -c 

The output was:
0


Compilation of the C compiler identification source "CMakeCCompilerId.c" produced "CMakeCCompilerId.o"

The C compiler identification is GNU, found in "/home/oliver/repos/ergodox/Keyboards/linux-gnu.ERGO-L.gcc.make/CMakeFiles/3.10.1/CompilerIdC/CMakeCCompilerId.o"

Determining if the C compiler works passed with the following output:
Change Dir: /home/oliver/repos/ergodox/Keyboards/linux-gnu.ERGO-L.gcc.make/CMakeFiles/CMakeTmp

Run Build Command:"/usr/bin/make" "cmTC_5001d/fast"
make[1]: Entering directory '/home/oliver/repos/ergodox/Keyboards/linux-gnu.ERGO-L.gcc.make/CMakeFiles/CMakeTmp'
/usr/bin/make -f CMakeFiles/cmTC_5001d.dir/build.make CMakeFiles/cmTC_5001d.dir/build
make[2]: Entering directory '/home/oliver/repos/ergodox/Keyboards/linux-gnu.ERGO-L.gcc.make/CMakeFiles/CMakeTmp'
Building C object CMakeFiles/cmTC_5001d.dir/testCCompiler.c.obj
/usr/bin/arm-none-eabi-gcc    -o CMakeFiles/cmTC_5001d.dir/testCCompiler.c.obj   -c /home/oliver/repos/ergodox/Keyboards/linux-gnu.ERGO-L.gcc.make/CMakeFiles/CMakeTmp/testCCompiler.c
Linking C static library libcmTC_5001d.a
/usr/bin/cmake -P CMakeFiles/cmTC_5001d.dir/cmake_clean_target.cmake
/usr/bin/cmake -E cmake_link_script CMakeFiles/cmTC_5001d.dir/link.txt --verbose=1
/usr/bin/arm-none-eabi-ar qc libcmTC_5001d.a  CMakeFiles/cmTC_5001d.dir/testCCompiler.c.obj
/usr/bin/arm-none-eabi-ranlib libcmTC_5001d.a
make[2]: Leaving directory '/home/oliver/repos/ergodox/Keyboards/linux-gnu.ERGO-L.gcc.make/CMakeFiles/CMakeTmp'
make[1]: Leaving directory '/home/oliver/repos/ergodox/Keyboards/linux-gnu.ERGO-L.gcc.make/CMakeFiles/CMakeTmp'


Detecting C compiler ABI info compiled with the following output:
Change Dir: /home/oliver/repos/ergodox/Keyboards/linux-gnu.ERGO-L.gcc.make/CMakeFiles/CMakeTmp

Run Build Command:"/usr/bin/make" "cmTC_6310b/fast"
make[1]: Entering directory '/home/oliver/repos/ergodox/Keyboards/linux-gnu.ERGO-L.gcc.make/CMakeFiles/CMakeTmp'
/usr/bin/make -f CMakeFiles/cmTC_6310b.dir/build.make CMakeFiles/cmTC_6310b.dir/build
make[2]: Entering directory '/home/oliver/repos/ergodox/Keyboards/linux-gnu.ERGO-L.gcc.make/CMakeFiles/CMakeTmp'
Building C object CMakeFiles/cmTC_6310b.dir/CMakeCCompilerABI.c.obj
/usr/bin/arm-none-eabi-gcc    -o CMakeFiles/cmTC_6310b.dir/CMakeCCompilerABI.c.obj   -c /usr/share/cmake-3.10/Modules/CMakeCCompilerABI.c
Linking C static library libcmTC_6310b.a
/usr/bin/cmake -P CMakeFiles/cmTC_6310b.dir/cmake_clean_target.cmake
/usr/bin/cmake -E cmake_link_script CMakeFiles/cmTC_6310b.dir/link.txt --verbose=1
/usr/bin/arm-none-eabi-ar qc libcmTC_6310b.a  CMakeFiles/cmTC_6310b.dir/CMakeCCompilerABI.c.obj
/usr/bin/arm-none-eabi-ranlib libcmTC_6310b.a
make[2]: Leaving directory '/home/oliver/repos/ergodox/Keyboards/linux-gnu.ERGO-L.gcc.make/CMakeFiles/CMakeTmp'
make[1]: Leaving directory '/home/oliver/repos/ergodox/Keyboards/linux-gnu.ERGO-L.gcc.make/CMakeFiles/CMakeTmp'


Parsed C implicit link information from above output:
  link line regex: [^( *|.*[/\])(arm-none-eabi-ld|CMAKE_LINK_STARTFILE-NOTFOUND|([^/\]+-)?ld|collect2)[^/\]*( |$)]
  ignore line: [Change Dir: /home/oliver/repos/ergodox/Keyboards/linux-gnu.ERGO-L.gcc.make/CMakeFiles/CMakeTmp]
  ignore line: []
  ignore line: [Run Build Command:"/usr/bin/make" "cmTC_6310b/fast"]
  ignore line: [make[1]: Entering directory '/home/oliver/repos/ergodox/Keyboards/linux-gnu.ERGO-L.gcc.make/CMakeFiles/CMakeTmp']
  ignore line: [/usr/bin/make -f CMakeFiles/cmTC_6310b.dir/build.make CMakeFiles/cmTC_6310b.dir/build]
  ignore line: [make[2]: Entering directory '/home/oliver/repos/ergodox/Keyboards/linux-gnu.ERGO-L.gcc.make/CMakeFiles/CMakeTmp']
  ignore line: [Building C object CMakeFiles/cmTC_6310b.dir/CMakeCCompilerABI.c.obj]
  ignore line: [/usr/bin/arm-none-eabi-gcc    -o CMakeFiles/cmTC_6310b.dir/CMakeCCompilerABI.c.obj   -c /usr/share/cmake-3.10/Modules/CMakeCCompilerABI.c]
  ignore line: [Linking C static library libcmTC_6310b.a]
  ignore line: [/usr/bin/cmake -P CMakeFiles/cmTC_6310b.dir/cmake_clean_target.cmake]
  ignore line: [/usr/bin/cmake -E cmake_link_script CMakeFiles/cmTC_6310b.dir/link.txt --verbose=1]
  ignore line: [/usr/bin/arm-none-eabi-ar qc libcmTC_6310b.a  CMakeFiles/cmTC_6310b.dir/CMakeCCompilerABI.c.obj]
  ignore line: [/usr/bin/arm-none-eabi-ranlib libcmTC_6310b.a]
  ignore line: [make[2]: Leaving directory '/home/oliver/repos/ergodox/Keyboards/linux-gnu.ERGO-L.gcc.make/CMakeFiles/CMakeTmp']
  ignore line: [make[1]: Leaving directory '/home/oliver/repos/ergodox/Keyboards/linux-gnu.ERGO-L.gcc.make/CMakeFiles/CMakeTmp']
  ignore line: []
  implicit libs: []
  implicit dirs: []
  implicit fwks: []




Detecting C [-std=c11] compiler features compiled with the following output:
Change Dir: /home/oliver/repos/ergodox/Keyboards/linux-gnu.ERGO-L.gcc.make/CMakeFiles/CMakeTmp

Run Build Command:"/usr/bin/make" "cmTC_9700e/fast"
make[1]: Entering directory '/home/oliver/repos/ergodox/Keyboards/linux-gnu.ERGO-L.gcc.make/CMakeFiles/CMakeTmp'
/usr/bin/make -f CMakeFiles/cmTC_9700e.dir/build.make CMakeFiles/cmTC_9700e.dir/build
make[2]: Entering directory '/home/oliver/repos/ergodox/Keyboards/linux-gnu.ERGO-L.gcc.make/CMakeFiles/CMakeTmp'
Building C object CMakeFiles/cmTC_9700e.dir/feature_tests.c.obj
/usr/bin/arm-none-eabi-gcc   -std=c11 -o CMakeFiles/cmTC_9700e.dir/feature_tests.c.obj   -c /home/oliver/repos/ergodox/Keyboards/linux-gnu.ERGO-L.gcc.make/CMakeFiles/feature_tests.c
Linking C static library libcmTC_9700e.a
/usr/bin/cmake -P CMakeFiles/cmTC_9700e.dir/cmake_clean_target.cmake
/usr/bin/cmake -E cmake_link_script CMakeFiles/cmTC_9700e.dir/link.txt --verbose=1
/usr/bin/arm-none-eabi-ar qc libcmTC_9700e.a  CMakeFiles/cmTC_9700e.dir/feature_tests.c.obj
/usr/bin/arm-none-eabi-ranlib libcmTC_9700e.a
make[2]: Leaving directory '/home/oliver/repos/ergodox/Keyboards/linux-gnu.ERGO-L.gcc.make/CMakeFiles/CMakeTmp'
make[1]: Leaving directory '/home/oliver/repos/ergodox/Keyboards/linux-gnu.ERGO-L.gcc.make/CMakeFiles/CMakeTmp'


    Feature record: C_FEATURE:1c_function_prototypes
    Feature record: C_FEATURE:1c_restrict
    Feature record: C_FEATURE:1c_static_assert
    Feature record: C_FEATURE:1c_variadic_macros


Detecting C [-std=c99] compiler features compiled with the following output:
Change Dir: /home/oliver/repos/ergodox/Keyboards/linux-gnu.ERGO-L.gcc.make/CMakeFiles/CMakeTmp

Run Build Command:"/usr/bin/make" "cmTC_b9e44/fast"
make[1]: Entering directory '/home/oliver/repos/ergodox/Keyboards/linux-gnu.ERGO-L.gcc.make/CMakeFiles/CMakeTmp'
/usr/bin/make -f CMakeFiles/cmTC_b9e44.dir/build.make CMakeFiles/cmTC_b9e44.dir/build
make[2]: Entering directory '/home/oliver/repos/ergodox/Keyboards/linux-gnu.ERGO-L.gcc.make/CMakeFiles/CMakeTmp'
Building C object CMakeFiles/cmTC_b9e44.dir/feature_tests.c.obj
/usr/bin/arm-none-eabi-gcc   -std=c99 -o CMakeFiles/cmTC_b9e44.dir/feature_tests.c.obj   -c /home/oliver/repos/ergodox/Keyboards/linux-gnu.ERGO-L.gcc.make/CMakeFiles/feature_tests.c
Linking C static library libcmTC_b9e44.a
/usr/bin/cmake -P CMakeFiles/cmTC_b9e44.dir/cmake_clean_target.cmake
/usr/bin/cmake -E cmake_link_script CMakeFiles/cmTC_b9e44.dir/link.txt --verbose=1
/usr/bin/arm-none-eabi-ar qc libcmTC_b9e44.a  CMakeFiles/cmTC_b9e44.dir/feature_tests.c.obj
/usr/bin/arm-none-eabi-ranlib libcmTC_b9e44.a
make[2]: Leaving directory '/home/oliver/repos/ergodox/Keyboards/linux-gnu.ERGO-L.gcc.make/CMakeFiles/CMakeTmp'
make[1]: Leaving directory '/home/oliver/repos/ergodox/Keyboards/linux-gnu.ERGO-L.gcc.make/CMakeFiles/CMakeTmp'


    Feature record: C_FEATURE:1c_function_prototypes
    Feature record: C_FEATURE:1c_restrict
    Feature record: C_FEATURE:0c_static_assert
    Feature record: C_FEATURE:1c_variadic_macros


Detecting C [-std=c90] compiler features compiled with the following output:
Change Dir: /home/oliver/repos/ergodox/Keyboards/linux-gnu.ERGO-L.gcc.make/CMakeFiles/CMakeTmp

Run Build Command:"/usr/bin/make" "cmTC_26a05/fast"
make[1]: Entering directory '/home/oliver/repos/ergodox/Keyboards/linux-gnu.ERGO-L.gcc.make/CMakeFiles/CMakeTmp'
/usr/bin/make -f CMakeFiles/cmTC_26a05.dir/build.make CMakeFiles/cmTC_26a05.dir/build
make[2]: Entering directory '/home/oliver/repos/ergodox/Keyboards/linux-gnu.ERGO-L.gcc.make/CMakeFiles/CMakeTmp'
Building C object CMakeFiles/cmTC_26a05.dir/feature_tests.c.obj
/usr/bin/arm-none-eabi-gcc   -std=c90 -o CMakeFiles/cmTC_26a05.dir/feature_tests.c.obj   -c /home/oliver/repos/ergodox/Keyboards/linux-gnu.ERGO-L.gcc.make/CMakeFiles/feature_tests.c
Linking C static library libcmTC_26a05.a
/usr/bin/cmake -P CMakeFiles/cmTC_26a05.dir/cmake_clean_target.cmake
/usr/bin/cmake -E cmake_link_script CMakeFiles/cmTC_26a05.dir/link.txt --verbose=1
/usr/bin/arm-none-eabi-ar qc libcmTC_26a05.a  CMakeFiles/cmTC_26a05.dir/feature_tests.c.obj
/usr/bin/arm-none-eabi-ranlib libcmTC_26a05.a
make[2]: Leaving directory '/home/oliver/repos/ergodox/Keyboards/linux-gnu.ERGO-L.gcc.make/CMakeFiles/CMakeTmp'
make[1]: Leaving directory '/home/oliver/repos/ergodox/Keyboards/linux-gnu.ERGO-L.gcc.make/CMakeFiles/CMakeTmp'


    Feature record: C_FEATURE:1c_function_prototypes
    Feature record: C_FEATURE:0c_restrict
    Feature record: C_FEATURE:0c_static_assert
    Feature record: C_FEATURE:0c_variadic_macros
