The target system is: Generic -  - 
The host system is: Linux - 4.14.10-1-ARCH - x86_64
Compiling the C compiler identification source file "CMakeCCompilerId.c" succeeded.
Compiler: /usr/bin/arm-none-eabi-gcc 
Build flags: 
Id flags: -c 

The output was:
0


Compilation of the C compiler identification source "CMakeCCompilerId.c" produced "CMakeCCompilerId.o"

The C compiler identification is GNU, found in "/home/oliver/repos/ergodox/Keyboards/linux-gnu.ERGO-R.gcc.make/CMakeFiles/3.10.1/CompilerIdC/CMakeCCompilerId.o"

Determining if the C compiler works passed with the following output:
Change Dir: /home/oliver/repos/ergodox/Keyboards/linux-gnu.ERGO-R.gcc.make/CMakeFiles/CMakeTmp

Run Build Command:"/usr/bin/make" "cmTC_e5b79/fast"
make[1]: Entering directory '/home/oliver/repos/ergodox/Keyboards/linux-gnu.ERGO-R.gcc.make/CMakeFiles/CMakeTmp'
/usr/bin/make -f CMakeFiles/cmTC_e5b79.dir/build.make CMakeFiles/cmTC_e5b79.dir/build
make[2]: Entering directory '/home/oliver/repos/ergodox/Keyboards/linux-gnu.ERGO-R.gcc.make/CMakeFiles/CMakeTmp'
Building C object CMakeFiles/cmTC_e5b79.dir/testCCompiler.c.obj
/usr/bin/arm-none-eabi-gcc    -o CMakeFiles/cmTC_e5b79.dir/testCCompiler.c.obj   -c /home/oliver/repos/ergodox/Keyboards/linux-gnu.ERGO-R.gcc.make/CMakeFiles/CMakeTmp/testCCompiler.c
Linking C static library libcmTC_e5b79.a
/usr/bin/cmake -P CMakeFiles/cmTC_e5b79.dir/cmake_clean_target.cmake
/usr/bin/cmake -E cmake_link_script CMakeFiles/cmTC_e5b79.dir/link.txt --verbose=1
/usr/bin/arm-none-eabi-ar qc libcmTC_e5b79.a  CMakeFiles/cmTC_e5b79.dir/testCCompiler.c.obj
/usr/bin/arm-none-eabi-ranlib libcmTC_e5b79.a
make[2]: Leaving directory '/home/oliver/repos/ergodox/Keyboards/linux-gnu.ERGO-R.gcc.make/CMakeFiles/CMakeTmp'
make[1]: Leaving directory '/home/oliver/repos/ergodox/Keyboards/linux-gnu.ERGO-R.gcc.make/CMakeFiles/CMakeTmp'


Detecting C compiler ABI info compiled with the following output:
Change Dir: /home/oliver/repos/ergodox/Keyboards/linux-gnu.ERGO-R.gcc.make/CMakeFiles/CMakeTmp

Run Build Command:"/usr/bin/make" "cmTC_1d6b5/fast"
make[1]: Entering directory '/home/oliver/repos/ergodox/Keyboards/linux-gnu.ERGO-R.gcc.make/CMakeFiles/CMakeTmp'
/usr/bin/make -f CMakeFiles/cmTC_1d6b5.dir/build.make CMakeFiles/cmTC_1d6b5.dir/build
make[2]: Entering directory '/home/oliver/repos/ergodox/Keyboards/linux-gnu.ERGO-R.gcc.make/CMakeFiles/CMakeTmp'
Building C object CMakeFiles/cmTC_1d6b5.dir/CMakeCCompilerABI.c.obj
/usr/bin/arm-none-eabi-gcc    -o CMakeFiles/cmTC_1d6b5.dir/CMakeCCompilerABI.c.obj   -c /usr/share/cmake-3.10/Modules/CMakeCCompilerABI.c
Linking C static library libcmTC_1d6b5.a
/usr/bin/cmake -P CMakeFiles/cmTC_1d6b5.dir/cmake_clean_target.cmake
/usr/bin/cmake -E cmake_link_script CMakeFiles/cmTC_1d6b5.dir/link.txt --verbose=1
/usr/bin/arm-none-eabi-ar qc libcmTC_1d6b5.a  CMakeFiles/cmTC_1d6b5.dir/CMakeCCompilerABI.c.obj
/usr/bin/arm-none-eabi-ranlib libcmTC_1d6b5.a
make[2]: Leaving directory '/home/oliver/repos/ergodox/Keyboards/linux-gnu.ERGO-R.gcc.make/CMakeFiles/CMakeTmp'
make[1]: Leaving directory '/home/oliver/repos/ergodox/Keyboards/linux-gnu.ERGO-R.gcc.make/CMakeFiles/CMakeTmp'


Parsed C implicit link information from above output:
  link line regex: [^( *|.*[/\])(arm-none-eabi-ld|CMAKE_LINK_STARTFILE-NOTFOUND|([^/\]+-)?ld|collect2)[^/\]*( |$)]
  ignore line: [Change Dir: /home/oliver/repos/ergodox/Keyboards/linux-gnu.ERGO-R.gcc.make/CMakeFiles/CMakeTmp]
  ignore line: []
  ignore line: [Run Build Command:"/usr/bin/make" "cmTC_1d6b5/fast"]
  ignore line: [make[1]: Entering directory '/home/oliver/repos/ergodox/Keyboards/linux-gnu.ERGO-R.gcc.make/CMakeFiles/CMakeTmp']
  ignore line: [/usr/bin/make -f CMakeFiles/cmTC_1d6b5.dir/build.make CMakeFiles/cmTC_1d6b5.dir/build]
  ignore line: [make[2]: Entering directory '/home/oliver/repos/ergodox/Keyboards/linux-gnu.ERGO-R.gcc.make/CMakeFiles/CMakeTmp']
  ignore line: [Building C object CMakeFiles/cmTC_1d6b5.dir/CMakeCCompilerABI.c.obj]
  ignore line: [/usr/bin/arm-none-eabi-gcc    -o CMakeFiles/cmTC_1d6b5.dir/CMakeCCompilerABI.c.obj   -c /usr/share/cmake-3.10/Modules/CMakeCCompilerABI.c]
  ignore line: [Linking C static library libcmTC_1d6b5.a]
  ignore line: [/usr/bin/cmake -P CMakeFiles/cmTC_1d6b5.dir/cmake_clean_target.cmake]
  ignore line: [/usr/bin/cmake -E cmake_link_script CMakeFiles/cmTC_1d6b5.dir/link.txt --verbose=1]
  ignore line: [/usr/bin/arm-none-eabi-ar qc libcmTC_1d6b5.a  CMakeFiles/cmTC_1d6b5.dir/CMakeCCompilerABI.c.obj]
  ignore line: [/usr/bin/arm-none-eabi-ranlib libcmTC_1d6b5.a]
  ignore line: [make[2]: Leaving directory '/home/oliver/repos/ergodox/Keyboards/linux-gnu.ERGO-R.gcc.make/CMakeFiles/CMakeTmp']
  ignore line: [make[1]: Leaving directory '/home/oliver/repos/ergodox/Keyboards/linux-gnu.ERGO-R.gcc.make/CMakeFiles/CMakeTmp']
  ignore line: []
  implicit libs: []
  implicit dirs: []
  implicit fwks: []




Detecting C [-std=c11] compiler features compiled with the following output:
Change Dir: /home/oliver/repos/ergodox/Keyboards/linux-gnu.ERGO-R.gcc.make/CMakeFiles/CMakeTmp

Run Build Command:"/usr/bin/make" "cmTC_ee1fc/fast"
make[1]: Entering directory '/home/oliver/repos/ergodox/Keyboards/linux-gnu.ERGO-R.gcc.make/CMakeFiles/CMakeTmp'
/usr/bin/make -f CMakeFiles/cmTC_ee1fc.dir/build.make CMakeFiles/cmTC_ee1fc.dir/build
make[2]: Entering directory '/home/oliver/repos/ergodox/Keyboards/linux-gnu.ERGO-R.gcc.make/CMakeFiles/CMakeTmp'
Building C object CMakeFiles/cmTC_ee1fc.dir/feature_tests.c.obj
/usr/bin/arm-none-eabi-gcc   -std=c11 -o CMakeFiles/cmTC_ee1fc.dir/feature_tests.c.obj   -c /home/oliver/repos/ergodox/Keyboards/linux-gnu.ERGO-R.gcc.make/CMakeFiles/feature_tests.c
Linking C static library libcmTC_ee1fc.a
/usr/bin/cmake -P CMakeFiles/cmTC_ee1fc.dir/cmake_clean_target.cmake
/usr/bin/cmake -E cmake_link_script CMakeFiles/cmTC_ee1fc.dir/link.txt --verbose=1
/usr/bin/arm-none-eabi-ar qc libcmTC_ee1fc.a  CMakeFiles/cmTC_ee1fc.dir/feature_tests.c.obj
/usr/bin/arm-none-eabi-ranlib libcmTC_ee1fc.a
make[2]: Leaving directory '/home/oliver/repos/ergodox/Keyboards/linux-gnu.ERGO-R.gcc.make/CMakeFiles/CMakeTmp'
make[1]: Leaving directory '/home/oliver/repos/ergodox/Keyboards/linux-gnu.ERGO-R.gcc.make/CMakeFiles/CMakeTmp'


    Feature record: C_FEATURE:1c_function_prototypes
    Feature record: C_FEATURE:1c_restrict
    Feature record: C_FEATURE:1c_static_assert
    Feature record: C_FEATURE:1c_variadic_macros


Detecting C [-std=c99] compiler features compiled with the following output:
Change Dir: /home/oliver/repos/ergodox/Keyboards/linux-gnu.ERGO-R.gcc.make/CMakeFiles/CMakeTmp

Run Build Command:"/usr/bin/make" "cmTC_78c89/fast"
make[1]: Entering directory '/home/oliver/repos/ergodox/Keyboards/linux-gnu.ERGO-R.gcc.make/CMakeFiles/CMakeTmp'
/usr/bin/make -f CMakeFiles/cmTC_78c89.dir/build.make CMakeFiles/cmTC_78c89.dir/build
make[2]: Entering directory '/home/oliver/repos/ergodox/Keyboards/linux-gnu.ERGO-R.gcc.make/CMakeFiles/CMakeTmp'
Building C object CMakeFiles/cmTC_78c89.dir/feature_tests.c.obj
/usr/bin/arm-none-eabi-gcc   -std=c99 -o CMakeFiles/cmTC_78c89.dir/feature_tests.c.obj   -c /home/oliver/repos/ergodox/Keyboards/linux-gnu.ERGO-R.gcc.make/CMakeFiles/feature_tests.c
Linking C static library libcmTC_78c89.a
/usr/bin/cmake -P CMakeFiles/cmTC_78c89.dir/cmake_clean_target.cmake
/usr/bin/cmake -E cmake_link_script CMakeFiles/cmTC_78c89.dir/link.txt --verbose=1
/usr/bin/arm-none-eabi-ar qc libcmTC_78c89.a  CMakeFiles/cmTC_78c89.dir/feature_tests.c.obj
/usr/bin/arm-none-eabi-ranlib libcmTC_78c89.a
make[2]: Leaving directory '/home/oliver/repos/ergodox/Keyboards/linux-gnu.ERGO-R.gcc.make/CMakeFiles/CMakeTmp'
make[1]: Leaving directory '/home/oliver/repos/ergodox/Keyboards/linux-gnu.ERGO-R.gcc.make/CMakeFiles/CMakeTmp'


    Feature record: C_FEATURE:1c_function_prototypes
    Feature record: C_FEATURE:1c_restrict
    Feature record: C_FEATURE:0c_static_assert
    Feature record: C_FEATURE:1c_variadic_macros


Detecting C [-std=c90] compiler features compiled with the following output:
Change Dir: /home/oliver/repos/ergodox/Keyboards/linux-gnu.ERGO-R.gcc.make/CMakeFiles/CMakeTmp

Run Build Command:"/usr/bin/make" "cmTC_8f1bb/fast"
make[1]: Entering directory '/home/oliver/repos/ergodox/Keyboards/linux-gnu.ERGO-R.gcc.make/CMakeFiles/CMakeTmp'
/usr/bin/make -f CMakeFiles/cmTC_8f1bb.dir/build.make CMakeFiles/cmTC_8f1bb.dir/build
make[2]: Entering directory '/home/oliver/repos/ergodox/Keyboards/linux-gnu.ERGO-R.gcc.make/CMakeFiles/CMakeTmp'
Building C object CMakeFiles/cmTC_8f1bb.dir/feature_tests.c.obj
/usr/bin/arm-none-eabi-gcc   -std=c90 -o CMakeFiles/cmTC_8f1bb.dir/feature_tests.c.obj   -c /home/oliver/repos/ergodox/Keyboards/linux-gnu.ERGO-R.gcc.make/CMakeFiles/feature_tests.c
Linking C static library libcmTC_8f1bb.a
/usr/bin/cmake -P CMakeFiles/cmTC_8f1bb.dir/cmake_clean_target.cmake
/usr/bin/cmake -E cmake_link_script CMakeFiles/cmTC_8f1bb.dir/link.txt --verbose=1
/usr/bin/arm-none-eabi-ar qc libcmTC_8f1bb.a  CMakeFiles/cmTC_8f1bb.dir/feature_tests.c.obj
/usr/bin/arm-none-eabi-ranlib libcmTC_8f1bb.a
make[2]: Leaving directory '/home/oliver/repos/ergodox/Keyboards/linux-gnu.ERGO-R.gcc.make/CMakeFiles/CMakeTmp'
make[1]: Leaving directory '/home/oliver/repos/ergodox/Keyboards/linux-gnu.ERGO-R.gcc.make/CMakeFiles/CMakeTmp'


    Feature record: C_FEATURE:1c_function_prototypes
    Feature record: C_FEATURE:0c_restrict
    Feature record: C_FEATURE:0c_static_assert
    Feature record: C_FEATURE:0c_variadic_macros
